<?xml version="1.0" encoding="UTF-8" ?>
<testsuite tests="0" failures="0" name="me.synicallyevil.test.EvilBotTest" time="0" errors="0" skipped="0">
  <properties>
    <property name="java.runtime.name" value="Java(TM) SE Runtime Environment"/>
    <property name="sun.boot.library.path" value="D:\Libraries\Java\JDK8\jre\bin"/>
    <property name="java.vm.version" value="25.191-b12"/>
    <property name="java.vm.vendor" value="Oracle Corporation"/>
    <property name="maven.multiModuleProjectDirectory" value="D:\Coding\Java Projects\EvilBot-Projects\EvilBot"/>
    <property name="java.vendor.url" value="http://java.oracle.com/"/>
    <property name="path.separator" value=";"/>
    <property name="guice.disable.misplaced.annotation.check" value="true"/>
    <property name="java.vm.name" value="Java HotSpot(TM) 64-Bit Server VM"/>
    <property name="file.encoding.pkg" value="sun.io"/>
    <property name="user.script" value=""/>
    <property name="user.country" value="US"/>
    <property name="sun.java.launcher" value="SUN_STANDARD"/>
    <property name="sun.os.patch.level" value=""/>
    <property name="java.vm.specification.name" value="Java Virtual Machine Specification"/>
    <property name="user.dir" value="D:\Coding\Java Projects\EvilBot-Projects\EvilBot"/>
    <property name="java.runtime.version" value="1.8.0_191-b12"/>
    <property name="java.awt.graphicsenv" value="sun.awt.Win32GraphicsEnvironment"/>
    <property name="java.endorsed.dirs" value="D:\Libraries\Java\JDK8\jre\lib\endorsed"/>
    <property name="os.arch" value="amd64"/>
    <property name="java.io.tmpdir" value="C:\Users\Siren\AppData\Local\Temp\"/>
    <property name="line.separator" value="
"/>
    <property name="java.vm.specification.vendor" value="Oracle Corporation"/>
    <property name="user.variant" value=""/>
    <property name="os.name" value="Windows 10"/>
    <property name="maven.ext.class.path" value="C:\Users\Siren\AppData\Local\JetBrains\Toolbox\apps\IDEA-C\ch-0\193.6494.35\plugins\maven\lib\maven-event-listener.jar"/>
    <property name="classworlds.conf" value="C:\Users\Siren\AppData\Local\JetBrains\Toolbox\apps\IDEA-C\ch-0\193.6494.35\plugins\maven\lib\maven3\bin\m2.conf"/>
    <property name="sun.jnu.encoding" value="Cp1252"/>
    <property name="java.library.path" value="D:\Libraries\Java\JDK8\bin;C:\WINDOWS\Sun\Java\bin;C:\WINDOWS\system32;C:\WINDOWS;C:\Program Files (x86)\Razer Chroma SDK\bin;C:\Program Files\Razer Chroma SDK\bin;C:\PROGRAM FILES (X86)\COMMON FILES\ORACLE\JAVA\JAVAPATH;C:\PROGRAM FILES\OCULUS\SUPPORT\OCULUS-RUNTIME;C:\PROGRAM FILES (X86)\RAZER CHROMA SDK\BIN;C:\PROGRAM FILES\RAZER CHROMA SDK\BIN;C:\WINDOWS\SYSTEM32;C:\WINDOWS;C:\WINDOWS\SYSTEM32\WBEM;C:\WINDOWS\SYSTEM32\WINDOWSPOWERSHELL\V1.0\;C:\USERS\SIREN\APPDATA\LOCAL\MICROSOFT\WINDOWSAPPS;C:\PROGRAM FILES (X86)\GTKSHARP\2.12\BIN;D:\PROGRAMS\PUTTY\;C:\PROGRAM FILES (X86)\NVIDIA CORPORATION\PHYSX\COMMON;D:\LIBRARIES\JAVA\JDK8\BIN;C:\PROGRAMDATA\ORACLE\JAVA\JAVAPATH;C:\WINDOWS\SYSTEM32\OPENSSH\;D:\LIBRARIES\GIT\CMD;C:\Program Files\dotnet\;C:\Program Files (x86)\Microsoft SQL Server\100\Tools\Binn\;C:\Program Files\Microsoft SQL Server\100\Tools\Binn\;C:\Program Files\Microsoft SQL Server\100\DTS\Binn\;C:\Program Files\NVIDIA Corporation\NVIDIA NvDLISR;C:\Program Files\;C:\WINDOWS\system32;C:\WINDOWS\System32\Wbem;C:\WINDOWS\System32\WindowsPowerShell\v1.0\;C:\WINDOWS\System32\OpenSSH\;C:\Program Files\nodejs\;D:\Libraries\Tizen\tools\ide\bin;C:\Users\Siren\AppData\Local\Microsoft\WindowsApps;C:\Users\Siren\AppData\Local\GitHubDesktop\bin;C:\Users\Siren\AppData\Roaming\npm;;C:\WINDOWS\system32;C:\WINDOWS;C:\WINDOWS\System32\Wbem;C:\WINDOWS\System32\WindowsPowerShell\v1.0\;C:\WINDOWS\System32\OpenSSH\;D:\Libraries\Python\Python38-32\Scripts\;D:\Libraries\Python\Python38-32\;D:\Libraries\Tizen\tools\ide\bin;C:\Users\Siren\AppData\Local\Microsoft\WindowsApps;C:\Users\Siren\AppData\Local\GitHubDesktop\bin;;C:\Users\Siren\AppData\Local\Microsoft\WindowsApps;C:\Users\Siren\AppData\Roaming\npm;."/>
    <property name="maven.conf" value="C:\Users\Siren\AppData\Local\JetBrains\Toolbox\apps\IDEA-C\ch-0\193.6494.35\plugins\maven\lib\maven3/conf"/>
    <property name="java.specification.name" value="Java Platform API Specification"/>
    <property name="java.class.version" value="52.0"/>
    <property name="sun.management.compiler" value="HotSpot 64-Bit Tiered Compilers"/>
    <property name="idea.version2019.3.3" value="true"/>
    <property name="os.version" value="10.0"/>
    <property name="user.home" value="C:\Users\Siren"/>
    <property name="user.timezone" value="America/New_York"/>
    <property name="java.awt.printerjob" value="sun.awt.windows.WPrinterJob"/>
    <property name="java.specification.version" value="1.8"/>
    <property name="file.encoding" value="UTF-8"/>
    <property name="user.name" value="Siren"/>
    <property name="java.class.path" value="C:\Users\Siren\AppData\Local\JetBrains\Toolbox\apps\IDEA-C\ch-0\193.6494.35\plugins\maven\lib\maven3\boot\plexus-classworlds-2.6.0.jar;C:\Users\Siren\AppData\Local\JetBrains\Toolbox\apps\IDEA-C\ch-0\193.6494.35\lib\idea_rt.jar"/>
    <property name="java.vm.specification.version" value="1.8"/>
    <property name="sun.arch.data.model" value="64"/>
    <property name="java.home" value="D:\Libraries\Java\JDK8\jre"/>
    <property name="sun.java.command" value="org.codehaus.classworlds.Launcher -Didea.version2019.3.3 clean install"/>
    <property name="java.specification.vendor" value="Oracle Corporation"/>
    <property name="user.language" value="en"/>
    <property name="awt.toolkit" value="sun.awt.windows.WToolkit"/>
    <property name="java.vm.info" value="mixed mode"/>
    <property name="java.version" value="1.8.0_191"/>
    <property name="java.ext.dirs" value="D:\Libraries\Java\JDK8\jre\lib\ext;C:\WINDOWS\Sun\Java\lib\ext"/>
    <property name="sun.boot.class.path" value="D:\Libraries\Java\JDK8\jre\lib\resources.jar;D:\Libraries\Java\JDK8\jre\lib\rt.jar;D:\Libraries\Java\JDK8\jre\lib\sunrsasign.jar;D:\Libraries\Java\JDK8\jre\lib\jsse.jar;D:\Libraries\Java\JDK8\jre\lib\jce.jar;D:\Libraries\Java\JDK8\jre\lib\charsets.jar;D:\Libraries\Java\JDK8\jre\lib\jfr.jar;D:\Libraries\Java\JDK8\jre\classes"/>
    <property name="java.vendor" value="Oracle Corporation"/>
    <property name="maven.home" value="C:\Users\Siren\AppData\Local\JetBrains\Toolbox\apps\IDEA-C\ch-0\193.6494.35\plugins\maven\lib\maven3"/>
    <property name="file.separator" value="\"/>
    <property name="java.vendor.url.bug" value="http://bugreport.sun.com/bugreport/"/>
    <property name="sun.cpu.endian" value="little"/>
    <property name="sun.io.unicode.encoding" value="UnicodeLittle"/>
    <property name="sun.desktop" value="windows"/>
    <property name="sun.cpu.isalist" value="amd64"/>
  </properties>
</testsuite>